<?xml version="1.0" encoding="UTF-8"?>
<!-- Generated by org.testng.reporters.JUnitXMLReporter -->
<testsuite ignored="0" hostname="LAPTOP-3E6UM09F" failures="0" tests="2" name="MY" time="24.73" errors="0" timestamp="2022-10-11T21:18:08 EDT">
  <testcase classname="Common.Utilities" name="@BeforeClass Ibrowser" time="-1.665537463332E9">
    <failure type="org.testng.TestNGException" message="
Method Ibrowser requires 1 parameters but 2 were supplied in the BeforeClass annotation.">
      <![CDATA[org.testng.TestNGException: 
Method Ibrowser requires 1 parameters but 2 were supplied in the BeforeClass annotation.
at java.base/java.util.ArrayList.forEach(ArrayList.java:1541)
... Removed 22 stack frames]]>
    </failure>
  </testcase> <!-- @BeforeClass Ibrowser -->
  <testcase classname="Common.Utilities" name="@AfterClass afterClass" time="0.0">
    <skipped/>
  </testcase> <!-- @AfterClass afterClass -->
  <testcase classname="TestNG.AmazonAccessories" name="f" time="0.0">
    <skipped/>
  </testcase> <!-- f -->
  <testcase classname="TestNG.NewTestSession" name="f" time="12.332"/>
</testsuite> <!-- MY -->
